<?xml version="1.0" encoding="UTF-8"?>
<testng-results ignored="0" total="2" passed="2" failed="0" skipped="0">
  <reporter-output>
  </reporter-output>
  <suite started-at="2024-06-14T03:36:03Z" name="Suite" finished-at="2024-06-14T03:36:16Z" duration-ms="13473">
    <groups>
    </groups>
    <test started-at="2024-06-14T03:36:03Z" name="Test" finished-at="2024-06-14T03:36:16Z" duration-ms="13473">
      <class name="DesignFramework.Tests.Test1">
        <test-method is-config="true" signature="initBrowser()[pri:0, instance:DesignFramework.Tests.Test1@488eb7f2]" started-at="2024-06-14T03:36:03Z" name="initBrowser" finished-at="2024-06-14T03:36:06Z" duration-ms="2739" status="PASS">
          <reporter-output>
          </reporter-output>
        </test-method> <!-- initBrowser -->
        <test-method signature="submitOrder(java.util.HashMap)[pri:0, instance:DesignFramework.Tests.Test1@488eb7f2]" started-at="2024-06-14T03:36:06Z" name="submitOrder" data-provider="Json Data" finished-at="2024-06-14T03:36:10Z" duration-ms="4243" status="PASS">
          <params>
            <param index="0">
              <value>
                <![CDATA[{password=Test@123, product=ZARA COAT 3, email=dsk@gmail.com}]]>
              </value>
            </param>
          </params>
          <reporter-output>
          </reporter-output>
        </test-method> <!-- submitOrder -->
        <test-method is-config="true" signature="tearDown()[pri:0, instance:DesignFramework.Tests.Test1@488eb7f2]" started-at="2024-06-14T03:36:10Z" name="tearDown" finished-at="2024-06-14T03:36:10Z" duration-ms="109" status="PASS">
          <reporter-output>
          </reporter-output>
        </test-method> <!-- tearDown -->
        <test-method is-config="true" signature="initBrowser()[pri:0, instance:DesignFramework.Tests.Test1@488eb7f2]" started-at="2024-06-14T03:36:10Z" name="initBrowser" finished-at="2024-06-14T03:36:12Z" duration-ms="1819" status="PASS">
          <reporter-output>
          </reporter-output>
        </test-method> <!-- initBrowser -->
        <test-method signature="submitOrder(java.util.HashMap)[pri:0, instance:DesignFramework.Tests.Test1@488eb7f2]" started-at="2024-06-14T03:36:12Z" name="submitOrder" data-provider="Json Data" finished-at="2024-06-14T03:36:16Z" duration-ms="4272" status="PASS">
          <params>
            <param index="0">
              <value>
                <![CDATA[{password=Diksha@12, product=ADIDAS ORIGINAL, email=dikshakamdi@123.com}]]>
              </value>
            </param>
          </params>
          <reporter-output>
          </reporter-output>
        </test-method> <!-- submitOrder -->
        <test-method is-config="true" signature="tearDown()[pri:0, instance:DesignFramework.Tests.Test1@488eb7f2]" started-at="2024-06-14T03:36:16Z" name="tearDown" finished-at="2024-06-14T03:36:16Z" duration-ms="116" status="PASS">
          <reporter-output>
          </reporter-output>
        </test-method> <!-- tearDown -->
      </class> <!-- DesignFramework.Tests.Test1 -->
    </test> <!-- Test -->
  </suite> <!-- Suite -->
</testng-results>
