<?xml version="1.0" encoding="UTF-8"?>
<testng-results ignored="0" total="2" passed="2" failed="0" skipped="0">
  <reporter-output>
  </reporter-output>
  <suite started-at="2024-06-13T17:02:57Z" name="Suite" finished-at="2024-06-13T17:03:10Z" duration-ms="12134">
    <groups>
    </groups>
    <test started-at="2024-06-13T17:02:57Z" name="Test" finished-at="2024-06-13T17:03:10Z" duration-ms="12134">
      <class name="DesignFramework.Tests.Test1">
        <test-method is-config="true" signature="initBrowser()[pri:0, instance:DesignFramework.Tests.Test1@40499e4f]" started-at="2024-06-13T17:02:58Z" name="initBrowser" finished-at="2024-06-13T17:02:59Z" duration-ms="1756" status="PASS">
          <reporter-output>
          </reporter-output>
        </test-method> <!-- initBrowser -->
        <test-method signature="submitOrder(java.util.HashMap)[pri:0, instance:DesignFramework.Tests.Test1@40499e4f]" started-at="2024-06-13T17:02:59Z" name="submitOrder" data-provider="Json Data" finished-at="2024-06-13T17:03:04Z" duration-ms="4324" status="PASS">
          <params>
            <param index="0">
              <value>
                <![CDATA[{password=Test@123, product=ZARA COAT 3, email=dsk@gmail.com}]]>
              </value>
            </param>
          </params>
          <reporter-output>
          </reporter-output>
        </test-method> <!-- submitOrder -->
        <test-method is-config="true" signature="tearDown()[pri:0, instance:DesignFramework.Tests.Test1@40499e4f]" started-at="2024-06-13T17:03:04Z" name="tearDown" finished-at="2024-06-13T17:03:04Z" duration-ms="102" status="PASS">
          <reporter-output>
          </reporter-output>
        </test-method> <!-- tearDown -->
        <test-method is-config="true" signature="initBrowser()[pri:0, instance:DesignFramework.Tests.Test1@40499e4f]" started-at="2024-06-13T17:03:04Z" name="initBrowser" finished-at="2024-06-13T17:03:05Z" duration-ms="1469" status="PASS">
          <reporter-output>
          </reporter-output>
        </test-method> <!-- initBrowser -->
        <test-method signature="submitOrder(java.util.HashMap)[pri:0, instance:DesignFramework.Tests.Test1@40499e4f]" started-at="2024-06-13T17:03:05Z" name="submitOrder" data-provider="Json Data" finished-at="2024-06-13T17:03:09Z" duration-ms="4233" status="PASS">
          <params>
            <param index="0">
              <value>
                <![CDATA[{password=Diksha@12, product=ADIDAS ORIGINAL, email=dikshakamdi@123.com}]]>
              </value>
            </param>
          </params>
          <reporter-output>
          </reporter-output>
        </test-method> <!-- submitOrder -->
        <test-method is-config="true" signature="tearDown()[pri:0, instance:DesignFramework.Tests.Test1@40499e4f]" started-at="2024-06-13T17:03:09Z" name="tearDown" finished-at="2024-06-13T17:03:10Z" duration-ms="102" status="PASS">
          <reporter-output>
          </reporter-output>
        </test-method> <!-- tearDown -->
      </class> <!-- DesignFramework.Tests.Test1 -->
    </test> <!-- Test -->
  </suite> <!-- Suite -->
</testng-results>
